make all --print-data-base --no-builtin-variables --no-builtin-rules --question
# GNU Make 4.3
# Built for x86_64-pc-linux-gnu
# Copyright (C) 1988-2020 Free Software Foundation, Inc.
# License GPLv3+: GNU GPL version 3 or later <http://gnu.org/licenses/gpl.html>
# This is free software: you are free to change and redistribute it.
# There is NO WARRANTY, to the extent permitted by law.

# Make data base, printed on Sun Apr  3 13:56:39 2022

# Variables

# makefile (from 'Makefile', line 4)
OBJ = $(patsubst %.c,%.o,$(SRC))
# environment
GDK_BACKEND = x11
# environment
LC_ALL = C
# environment
NO_AT_BRIDGE = 1
# makefile (from 'Makefile', line 3)
SRC = $(shell find src -name *.c)
# environment
SNAP_INSTANCE_KEY = 
# environment
GJS_DEBUG_OUTPUT = stderr
# environment
VSCODE_IPC_HOOK_EXTHOST = /run/user/1000/vscode-ipc-1736a4a9-68f5-4517-a878-909f42c1349a.sock
# environment
 
LC_NAME = cs_CZ.UTF-8
# environment
LC_NUMERIC = cs_CZ.UTF-8
# environment
VSCODE_CWD = /home/werem
# environment
WINDOWPATH = 2
# environment
LESS_TERMCAP_me = [0m
# environment
LC_ADDRESS = cs_CZ.UTF-8
# environment
GDM_LANG = en_US.UTF-8
# default
MAKE_COMMAND := make
# environment
GTK3_MODULES = xapp-gtk3-module
# automatic
@D = $(patsubst %/,%,$(dir $@))
# environment
SNAP_INSTANCE_NAME = code
# environment
GDK_PIXBUF_MODULEDIR = /snap/code/92/usr/lib/x86_64-linux-gnu/gdk-pixbuf-2.0/2.10.0/loaders
# environment
VSCODE_HANDLES_UNCAUGHT_ERRORS = true
# default
.VARIABLES := 
# environment
PWD = /home/werem/Documents/projects/c/index-instead-of-pointers
# automatic
%D = $(patsubst %/,%,$(dir $%))
# environment
MAIL = /var/spool/mail/werem
# environment
XDG_DATA_DIRS = /home/werem/.local/share/flatpak/exports/share:/var/lib/flatpak/exports/share:/usr/local/share/:/usr/share/:/var/lib/snapd/desktop
# environment
OLDPWD = /home/werem
# automatic
^D = $(patsubst %/,%,$(dir $^))
# environment
VSCODE_LOG_STACK = false
# automatic
%F = $(notdir $%)
# environment
VSCODE_CODE_CACHE_PATH = /home/werem/.config/Code/CachedData/e18005f0f1b33c29e81d732535d8c0e47cafb0b5
# environment
LANG = C
# environment
XAUTHORITY = /run/user/1000/gdm/Xauthority
# default
.LOADED := 
# environment
LESS_TERMCAP_md = [01;32m
# default
.INCLUDE_DIRS = /usr/include /usr/local/include /usr/include
# makefile
MAKEFLAGS = pqrR
# environment
LESS_TERMCAP_so = [01;47;34m
# makefile
CURDIR := /home/werem/Documents/projects/c/index-instead-of-pointers
# environment
VSCODE_PIPE_LOGGING = true
# environment
APPLICATION_INSIGHTS_NO_DIAGNOSTIC_CHANNEL = true
# automatic
*D = $(patsubst %/,%,$(dir $*))
# environment
LESS_TERMCAP_ue = [0m
# environment
MFLAGS = -pqrR
# environment
SSH_AUTH_SOCK = /run/user/1000/keyring/ssh
# default
.SHELLFLAGS := -c
# automatic
+D = $(patsubst %/,%,$(dir $+))
# environment
P9K_SSH = 0
# environment
XDG_SESSION_DESKTOP = gnome
# makefile (from 'Makefile', line 1)
MAKEFILE_LIST := Makefile
# environment
SNAP_REEXEC = 
# automatic
@F = $(notdir $@)
# environment
VSCODE_VERBOSE_LOGGING = true
# environment
VSCODE_PID = 5648
# environment
MOZ_ENABLE_WAYLAND = 1
# environment
XDG_SESSION_TYPE = x11
# environment
CUDA_PATH = /opt/cuda
# automatic
?D = $(patsubst %/,%,$(dir $?))
# environment
BAMF_DESKTOP_FILE_HINT = /var/lib/snapd/desktop/applications/code_code.desktop
# makefile (from 'Makefile', line 2)
FLAGS = -g -O0
# environment
SESSION_MANAGER = local/weremcube:@/tmp/.ICE-unix/1216,unix/weremcube:/tmp/.ICE-unix/1216
# automatic
*F = $(notdir $*)
# environment
QT_QPA_PLATFORMTHEME = qt5ct
# environment
CHROME_DESKTOP = code-url-handler.desktop
# environment
DBUS_SESSION_BUS_ADDRESS = unix:path=/run/user/1000/bus
# automatic
<D = $(patsubst %/,%,$(dir $<))
# environment
VSCODE_NLS_CONFIG = {"locale":"en-us","availableLanguages":{},"_languagePackSupport":true}
# default
MAKE_HOST := x86_64-pc-linux-gnu
# makefile
SHELL = /bin/sh
# environment
LESS_TERMCAP_us = [01;36m
# default
MAKECMDGOALS := all
# environment
XMODIFIERS = @im=ibus
# environment
DOTNET_BUNDLE_EXTRACT_BASE_DIR = /home/werem/.cache/dotnet_bundle_extract
# environment
GJS_DEBUG_TOPICS = JS ERROR;JS LOG
# environment
SHLVL = 1
# environment
MAKELEVEL := 0
# default
MAKE = $(MAKE_COMMAND)
# environment
SNAP_COOKIE = p31Xlcw_JhXZDautP2eJdU7LebbAFmpgt13gZeoUq1jmf8cYLnjN
# environment
PATH = /home/werem/.local/bin:/home/werem/.local/bin:/usr/local/bin:/usr/bin:/var/lib/snapd/snap/bin:/usr/local/sbin:/opt/cuda/bin:/opt/cuda/nsight_compute:/opt/cuda/nsight_systems/bin:/home/werem/.dotnet/tools:/usr/lib/jvm/default/bin:/usr/bin/site_perl:/usr/bin/vendor_perl:/usr/bin/core_perl:/opt/cuda/bin:/opt/cuda/nsight_compute:/opt/cuda/nsight_systems/bin:/usr/lib/jvm/default/bin:/home/werem/Documents/programs/dotnet
# environment
LESS_TERMCAP_se = [0m
# default
MAKEFILES := 
# environment
LC_MONETARY = cs_CZ.UTF-8
# environment
MOTD_SHOWN = pam
# automatic
^F = $(notdir $^)
# environment
SNAP_USER_COMMON = /home/werem/snap/code/common
# environment
LC_TIME = cs_CZ.UTF-8
# environment
LESS_TERMCAP_mb = [01;32m
# environment
SNAP = /snap/code/92
# environment
INVOCATION_ID = ac53836c65454e5684b890f573339b14
# environment
SNAP_REVISION = 92
# environment
SNAP_REAL_HOME = /home/werem
# environment
VSCODE_LOG_NATIVE = false
# environment
USERNAME = werem
# environment
LC_TELEPHONE = cs_CZ.UTF-8
# automatic
?F = $(notdir $?)
# environment
XDG_CURRENT_DESKTOP = GNOME
# environment
LS_COLORS = 
# automatic
+F = $(notdir $+)
# environment
LESS = -R
# environment
DESKTOP_SESSION = gnome
# environment
ORIGINAL_XDG_CURRENT_DESKTOP = GNOME
# 'override' directive
GNUMAKEFLAGS := 
# environment
LOGNAME = werem
# environment
GIO_LAUNCHED_DESKTOP_FILE = /var/lib/snapd/desktop/applications/code_code.desktop
# environment
SNAP_ARCH = amd64
# makefile
.DEFAULT_GOAL := all
# environment
SYSTEMD_EXEC_PID = 1232
# environment
EDITOR = /usr/bin/nano
# environment
DISPLAY = :1
# environment
USER = werem
# default
MAKE_VERSION := 4.3
# 'override' directive
.SHELLSTATUS := 0
# environment
DISABLE_WAYLAND = 1
# environment
SNAP_DATA = /var/snap/code/92
# environment
SNAP_CONTEXT = p31Xlcw_JhXZDautP2eJdU7LebbAFmpgt13gZeoUq1jmf8cYLnjN
# environment
MANAGERPID = 1147
# environment
LC_MEASUREMENT = cs_CZ.UTF-8
# environment
GIO_LAUNCHED_DESKTOP_FILE_PID = 5610
# environment
_ = /usr/bin/make
# environment
LC_PAPER = cs_CZ.UTF-8
# environment
XDG_RUNTIME_DIR = /run/user/1000
# environment
GDK_PIXBUF_MODULE_FILE = /home/werem/snap/code/common/.cache/gdk-pixbuf-loaders.cache
# environment
JOURNAL_STREAM = 8:33303
# environment
XDG_SESSION_CLASS = user
# environment
VSCODE_AMD_ENTRYPOINT = vs/workbench/api/node/extensionHostProcess
# environment
HOME = /home/werem
# environment
QT_IM_MODULE = ibus
# environment
ELECTRON_RUN_AS_NODE = 1
# environment
VSCODE_IPC_HOOK = /run/user/1000/vscode-c2d9916e-1.66.0-main.sock
# environment
SNAP_NAME = code
# environment
GSETTINGS_SCHEMA_DIR = /snap/code/92/usr/share/glib-2.0/schemas
# default
.RECIPEPREFIX := 
# automatic
<F = $(notdir $<)
# environment
SNAP_VERSION = e18005f0
# default
SUFFIXES := 
# makefile (from 'Makefile', line 5)
TARGET = ./bin/main.bin
# environment
QT_AUTO_SCREEN_SCALE_FACTOR = 1
# environment
VSCODE_CLI = 1
# environment
ELECTRON_NO_ATTACH_CONSOLE = 1
# environment
SNAP_COMMON = /var/snap/code/common
# environment
LS_OPTIONS = --color=auto
# default
.FEATURES := target-specific order-only second-expansion else-if shortest-stem undefine oneshell nocomment grouped-target extra-prereqs archives jobserver output-sync check-symlink guile load
# makefile (from 'Makefile', line 1)
CC = gcc
# environment
SNAP_USER_DATA = /home/werem/snap/code/92
# environment
XDG_MENU_PREFIX = gnome-
# environment
DOTNET_ROOT = /home/werem/Documents/programs/dotnet
# environment
GDMSESSION = gnome
# environment
PKGFILE_PROMPT_INSTALL_MISSING = 1
# environment
LC_IDENTIFICATION = cs_CZ.UTF-8
# environment
SNAP_LIBRARY_PATH = /var/lib/snapd/lib/gl:/var/lib/snapd/lib/gl32:/var/lib/snapd/void
# variable set hash-table stats:
# Load=150/1024=15%, Rehash=0, Collisions=19/190=10%

# Pattern-specific Variable Values

# No pattern-specific variable values.

# Directories

# src (device 66309, inode 22810668): 3 files, no impossibilities so far.
# . (device 66309, inode 22687289): 7 files, no impossibilities.

# 10 files, no impossibilities in 2 directories.

# Implicit Rules

%.o: %.c
#  recipe to execute (from 'Makefile', line 11):
 
	$(CC) -c $(FLAGS) $^ -o $@

# 1 implicit rules, 0 (0.0%) terminal.
# Files

run_main: all
#  Implicit rule search has not been done.
#  Modification time never checked.
#  File has not been updated.
#  recipe to execute (from 'Makefile', line 14):
	$(TARGET)

# Not a target:
Makefile:
#  Implicit rule search has been done.
#  Last modified 2022-04-02 12:37:55.189871699
#  File has been updated.
#  Successfully updated.

clean:
#  Implicit rule search has not been done.
#  Modification time never checked.
#  File has not been updated.
#  recipe to execute (from 'Makefile', line 17):
	rm -rf bin/*.*
	rm -rf $(OBJ)

# Not a target:
src/main.c:
#  Implicit rule search has been done.
#  Last modified 2022-04-02 12:59:41.079833435
#  File has been updated.
#  Successfully updated.

src/main.o: src/main.c
#  Implicit rule search has been done.
#  Implicit/static pattern stem: 'src/main'
#  File does not exist.
#  File has been updated.
#  Needs to be updated (-q is set).
# automatic
# @ := src/main.o
# automatic
# * := src/main
# automatic
# < := src/main.c
# automatic
# + := src/main.c
# automatic
# % := 
# automatic
# ^ := src/main.c
# automatic
# ? := src/main.c
# automatic
# | := 
# variable set hash-table stats:
# Load=8/32=25%, Rehash=0, Collisions=2/15=13%
#  recipe to execute (from 'Makefile', line 11):
	$(CC) -c $(FLAGS) $^ -o $@

# Not a target:
.DEFAULT:
#  Implicit rule search has not been done.
#  Modification time never checked.
#  File has not been updated.

all: src/main.o
#  Command line target.
#  Implicit rule search has not been done.
#  File does not exist.
#  File has been updated.
#  Needs to be updated (-q is set).
# variable set hash-table stats:
# Load=0/32=0%, Rehash=0, Collisions=0/5=0%
#  recipe to execute (from 'Makefile', line 8):
	$(CC) $(FLAGS) $(SRC) -o $(TARGET)

# files hash-table stats:
# Load=8/1024=1%, Rehash=0, Collisions=0/24=0%
# VPATH Search Paths

# No 'vpath' search paths.

# No general ('VPATH' variable) search path.

# strcache buffers: 1 (0) / strings = 21 / storage = 170 B / avg = 8 B
# current buf: size = 8162 B / used = 170 B / count = 21 / avg = 8 B

# strcache performance: lookups = 33 / hit rate = 36%
# hash-table stats:
# Load=21/8192=0%, Rehash=0, Collisions=0/33=0%
# Finished Make data base on Sun Apr  3 13:56:39 2022

 
